debug 2023/10/22 14:38:11 selectedRowIdx: 0
debug 2023/10/22 14:38:11 selectedRowIdx: 0
debug 2023/10/22 14:38:12 selectedRowIdx: 0
debug 2023/10/22 14:38:13 selectedRowIdx: 0
debug 2023/10/22 14:38:14 [1 Bulbasaur Grass Poison フシギダネ Bulbasaur]
debug 2023/10/22 14:38:14 TESTING
debug 2023/10/22 14:38:14 selectedRowIdx: 0
debug 2023/10/22 14:38:14 selectedRowIdx: 0
debug 2023/10/22 14:38:15 selectedRowIdx: 0
debug 2023/10/22 14:38:15 selectedRowIdx: 0
debug 2023/10/22 14:38:16 [1 Bulbasaur Grass Poison フシギダネ Bulbasaur]
debug 2023/10/22 14:38:16 TESTING
debug 2023/10/22 14:38:16 selectedRowIdx: 0
debug 2023/10/22 14:38:17 selectedRowIdx: 0
debug 2023/10/22 14:38:17 selectedRowIdx: 0
debug 2023/10/22 14:38:17 selectedRowIdx: 0
debug 2023/10/22 14:38:18 selectedRowIdx: 0
debug 2023/10/22 14:38:18 selectedRowIdx: 0
debug 2023/10/22 14:40:49 selectedRowIdx: 0
debug 2023/10/22 14:40:49 selectedRowIdx: 0
debug 2023/10/22 14:40:49 selectedRowIdx: 0
debug 2023/10/22 14:40:50 selectedRowIdx: 0
debug 2023/10/22 14:40:50 [1 Bulbasaur Grass Poison フシギダネ Bulbasaur]
debug 2023/10/22 14:40:50 TESTING
debug 2023/10/22 14:40:50 updating table
debug 2023/10/22 14:40:50 <nil>
debug 2023/10/22 14:40:50 selectedRowIdx: 0
debug 2023/10/22 14:40:55 [1 Bulbasaur Grass Poison フシギダネ Bulbasaur]
debug 2023/10/22 14:40:55 TESTING
debug 2023/10/22 14:40:55 updating table
debug 2023/10/22 14:40:55 <nil>
debug 2023/10/22 14:40:55 selectedRowIdx: 0
debug 2023/10/22 14:40:58 selectedRowIdx: 0
debug 2023/10/22 14:40:58 selectedRowIdx: 0
debug 2023/10/22 14:40:58 selectedRowIdx: 0
debug 2023/10/22 14:40:59 [1 Bulbasaur Grass Poison フシギダネ Bulbasaur]
debug 2023/10/22 14:40:59 TESTING
debug 2023/10/22 14:40:59 updating table
debug 2023/10/22 14:40:59 <nil>
debug 2023/10/22 14:40:59 selectedRowIdx: 0
debug 2023/10/22 14:40:59 selectedRowIdx: 0
debug 2023/10/22 14:40:59 selectedRowIdx: 0
debug 2023/10/22 14:40:59 selectedRowIdx: 0
debug 2023/10/22 14:41:00 [1 Bulbasaur Grass Poison フシギダネ Bulbasaur]
debug 2023/10/22 14:41:00 TESTING
debug 2023/10/22 14:41:00 updating table
debug 2023/10/22 14:41:00 <nil>
debug 2023/10/22 14:41:00 selectedRowIdx: 0
debug 2023/10/22 14:41:01 selectedRowIdx: 0
debug 2023/10/22 14:41:01 selectedRowIdx: 0
debug 2023/10/22 14:41:02 selectedRowIdx: 0
debug 2023/10/22 14:41:02 selectedRowIdx: 0
debug 2023/10/22 14:41:02 selectedRowIdx: 0
debug 2023/10/22 14:41:02 selectedRowIdx: 0
debug 2023/10/22 14:42:17 selectedRowIdx: 0
debug 2023/10/22 14:42:17 selectedRowIdx: 0
debug 2023/10/22 14:42:18 selectedRowIdx: 0
debug 2023/10/22 14:42:19 selectedRowIdx: 0
debug 2023/10/22 14:42:19 [1 Bulbasaur Grass Poison フシギダネ Bulbasaur]
debug 2023/10/22 14:42:19 TESTING
debug 2023/10/22 14:42:19 updating table
debug 2023/10/22 14:45:19 selectedRowIdx: 0
debug 2023/10/22 14:45:19 selectedRowIdx: 0
debug 2023/10/22 14:45:19 selectedRowIdx: 0
debug 2023/10/22 14:45:20 selectedRowIdx: 0
debug 2023/10/22 14:45:20 [1 Bulbasaur Grass Poison フシギダネ Bulbasaur]
debug 2023/10/22 14:45:20 TESTING
debug 2023/10/22 14:45:20 updating table
debug 2023/10/22 14:45:51 selectedRowIdx: 0
debug 2023/10/22 14:45:51 selectedRowIdx: 0
debug 2023/10/22 14:45:53 selectedRowIdx: 0
debug 2023/10/22 14:45:53 selectedRowIdx: 0
debug 2023/10/22 14:45:53 [1 Bulbasaur Grass Poison フシギダネ Bulbasaur]
debug 2023/10/22 14:45:53 TESTING
debug 2023/10/22 14:53:13 selectedRowIdx: 0
debug 2023/10/22 14:53:13 selectedRowIdx: 0
debug 2023/10/22 14:53:14 selectedRowIdx: 0
debug 2023/10/22 14:53:14 selectedRowIdx: 0
debug 2023/10/22 14:53:15 [1 Bulbasaur Grass Poison フシギダネ Bulbasaur]
debug 2023/10/22 14:53:15 TESTING
debug 2023/10/22 14:53:15 updating table
